[debug] [2023-09-15T14:26:00.041Z] ----------------------------------------------------------------------
[debug] [2023-09-15T14:26:00.045Z] Command:       C:\Program Files\nodejs\node.exe C:\Program Files\nodejs\node_modules\firebase-tools\lib\bin\firebase.js init
[debug] [2023-09-15T14:26:00.047Z] CLI Version:   12.5.4
[debug] [2023-09-15T14:26:00.050Z] Platform:      win32
[debug] [2023-09-15T14:26:00.051Z] Node Version:  v18.15.0
[debug] [2023-09-15T14:26:00.057Z] Time:          Fri Sep 15 2023 15:26:00 GMT+0100 (West Africa Standard Time)
[debug] [2023-09-15T14:26:00.058Z] ----------------------------------------------------------------------
[debug] 
[debug] [2023-09-15T14:26:00.103Z] >>> [apiv2][query] GET https://firebase-public.firebaseio.com/cli.json [none]
[debug] [2023-09-15T14:26:00.211Z] > command requires scopes: ["email","openid","https://www.googleapis.com/auth/cloudplatformprojects.readonly","https://www.googleapis.com/auth/firebase","https://www.googleapis.com/auth/cloud-platform"]
[debug] [2023-09-15T14:26:00.212Z] > authorizing via signed-in user (johnnyelijahfemi@gmail.com)
[info] 
     ######## #### ########  ######## ########     ###     ######  ########
     ##        ##  ##     ## ##       ##     ##  ##   ##  ##       ##
     ######    ##  ########  ######   ########  #########  ######  ######
     ##        ##  ##    ##  ##       ##     ## ##     ##       ## ##
     ##       #### ##     ## ######## ########  ##     ##  ######  ########

You're about to initialize a Firebase project in this directory:

  C:\Users\user\Documents\personal works\xpenny

[debug] [2023-09-15T14:26:00.831Z] <<< [apiv2][status] GET https://firebase-public.firebaseio.com/cli.json 200
[debug] [2023-09-15T14:26:00.833Z] <<< [apiv2][body] GET https://firebase-public.firebaseio.com/cli.json {"cloudBuildErrorAfter":1594252800000,"cloudBuildWarnAfter":1590019200000,"defaultNode10After":1594252800000,"minVersion":"3.0.5","node8DeploysDisabledAfter":1613390400000,"node8RuntimeDisabledAfter":1615809600000,"node8WarnAfter":1600128000000}
